<?xml version="1.0" encoding="UTF-8"?><testsuite errors="0" failures="0" name="Testing services CURD operation using different request on the application." skipped="1" tests="4" time="0.17" timestamp="2022-06-21T16:51:55.427+01:00[Europe/London]"><testcase name="User can send get request."/><testcase name="User can create data using post request."/><testcase name="User can Update data using patch request."><skipped/></testcase><testcase name="User can Delate data using delete request."/></testsuite>