<?xml version="1.0" encoding="UTF-8"?><testsuite errors="0" failures="0" name="stores.localhost.model.swaggerinfo.ServicesCURDTestWithSteps" skipped="0" tests="4" time="0.16" timestamp="2022-06-07T13:40:41.948+01:00[Europe/London]"><testcase classname="stores.localhost.model.swaggerinfo.ServicesCURDTestWithSteps" name="This will create a services new "/><testcase classname="stores.localhost.model.swaggerinfo.ServicesCURDTestWithSteps" name="Verify that the services added in to stack"/><testcase classname="stores.localhost.model.swaggerinfo.ServicesCURDTestWithSteps" name="This will Updated created id"/><testcase classname="stores.localhost.model.swaggerinfo.ServicesCURDTestWithSteps" name="This will Delate created id"/></testsuite>