<?xml version="1.0" encoding="UTF-8"?><testsuite errors="0" failures="0" name="stores.localhost.model.swaggerinfo.CategoriesCURDTestWithSteps" skipped="0" tests="4" time="3.53" timestamp="2022-06-07T13:40:37.071+01:00[Europe/London]"><testcase classname="stores.localhost.model.swaggerinfo.CategoriesCURDTestWithSteps" name="This will create Categories new "/><testcase classname="stores.localhost.model.swaggerinfo.CategoriesCURDTestWithSteps" name="Verify that the Categories added in to stack"/><testcase classname="stores.localhost.model.swaggerinfo.CategoriesCURDTestWithSteps" name="This will Updated created id"/><testcase classname="stores.localhost.model.swaggerinfo.CategoriesCURDTestWithSteps" name="This will Delate created id"/></testsuite>