<?xml version="1.0" encoding="UTF-8"?><testsuite errors="1" failures="2" name="Testing stores CURD operation using different request on the application." skipped="0" tests="4" time="0.18" timestamp="2022-06-21T16:51:55.796+01:00[Europe/London]"><testcase name="User can send get request."><error type="java.lang.NullPointerException"/><system-err>null&#13;
stores.localhost.model.cucumber.steps.Stores.userGetBackAValidStatusCodeForStores(Stores.java:39)&#13;
✽.Then User get back a valid status code 200 for stores(Stores.feature:5)&#13;
</system-err></testcase><testcase name="User can create data using post request."/><testcase name="User can Update data using patch request."><failure message="1 expectation failed.&#10;Expected status code &lt;200&gt; but was &lt;201&gt;.&#10;" type="java.lang.AssertionError">1 expectation failed.
Expected status code &lt;200&gt; but was &lt;201&gt;.
</failure><system-err>1 expectation failed.
Expected status code &lt;200&gt; but was &lt;201&gt;.
&#13;
io.restassured.internal.ResponseSpecificationImpl.validateResponseIfRequired(ResponseSpecificationImpl.groovy:636)&#13;
io.restassured.internal.ResponseSpecificationImpl.statusCode(ResponseSpecificationImpl.groovy:122)&#13;
io.restassured.internal.ResponseSpecificationImpl.statusCode(ResponseSpecificationImpl.groovy:130)&#13;
io.restassured.internal.ValidatableResponseOptionsImpl.statusCode(ValidatableResponseOptionsImpl.java:117)&#13;
stores.localhost.model.cucumber.steps.Stores.userGetBackAValidStatusCodeForStores(Stores.java:39)&#13;
✽.Then User get back a valid status code 200 for stores(Stores.feature:14)&#13;
</system-err></testcase><testcase name="User can Delate data using delete request."><failure message="1 expectation failed.&#10;Expected status code &lt;200&gt; but was &lt;201&gt;.&#10;" type="java.lang.AssertionError">1 expectation failed.
Expected status code &lt;200&gt; but was &lt;201&gt;.
</failure><system-err>1 expectation failed.
Expected status code &lt;200&gt; but was &lt;201&gt;.
&#13;
io.restassured.internal.ResponseSpecificationImpl.validateResponseIfRequired(ResponseSpecificationImpl.groovy:636)&#13;
io.restassured.internal.ResponseSpecificationImpl.statusCode(ResponseSpecificationImpl.groovy:122)&#13;
io.restassured.internal.ResponseSpecificationImpl.statusCode(ResponseSpecificationImpl.groovy:130)&#13;
io.restassured.internal.ValidatableResponseOptionsImpl.statusCode(ValidatableResponseOptionsImpl.java:117)&#13;
stores.localhost.model.cucumber.steps.Stores.userGetBackAValidStatusCodeForStores(Stores.java:39)&#13;
✽.Then User get back a valid status code 200 for stores(Stores.feature:19)&#13;
</system-err></testcase></testsuite>