<?xml version="1.0" encoding="UTF-8"?><testsuite errors="0" failures="0" name="stores.localhost.model.swaggerinfo.StoreCURDTestWithSteps" skipped="0" tests="4" time="0.13" timestamp="2022-06-07T13:40:42.144+01:00[Europe/London]"><testcase classname="stores.localhost.model.swaggerinfo.StoreCURDTestWithSteps" name="This will create a new store "/><testcase classname="stores.localhost.model.swaggerinfo.StoreCURDTestWithSteps" name="Verify that the store added in to stack"/><testcase classname="stores.localhost.model.swaggerinfo.StoreCURDTestWithSteps" name="This will Updated created id"/><testcase classname="stores.localhost.model.swaggerinfo.StoreCURDTestWithSteps" name="This will Delate created id"/></testsuite>