<?xml version="1.0" encoding="UTF-8"?><testsuite errors="0" failures="1" name="stores.localhost.model.swaggerinfo.ProductCURDTestWithSteps" skipped="0" tests="4" time="0.17" timestamp="2022-06-07T13:40:41.735+01:00[Europe/London]"><testcase classname="stores.localhost.model.swaggerinfo.ProductCURDTestWithSteps" name="This will create a new product"/><testcase classname="stores.localhost.model.swaggerinfo.ProductCURDTestWithSteps" name="Verify that the product added in to stack"/><testcase classname="stores.localhost.model.swaggerinfo.ProductCURDTestWithSteps" name="This will Updated created id"><failure message="1 expectation failed.&#10;Expected status code &lt;201&gt; but was &lt;200&gt;.&#10;" type="java.lang.AssertionError">1 expectation failed.
Expected status code &lt;201&gt; but was &lt;200&gt;.
</failure><system-err>1 expectation failed.
Expected status code &lt;201&gt; but was &lt;200&gt;.
&#13;
io.restassured.internal.ResponseSpecificationImpl.validateResponseIfRequired(ResponseSpecificationImpl.groovy:636)&#13;
io.restassured.internal.ResponseSpecificationImpl.statusCode(ResponseSpecificationImpl.groovy:122)&#13;
io.restassured.internal.ResponseSpecificationImpl.statusCode(ResponseSpecificationImpl.groovy:130)&#13;
io.restassured.internal.ValidatableResponseOptionsImpl.statusCode(ValidatableResponseOptionsImpl.java:117)&#13;
stores.localhost.model.swaggerinfo.ProductCURDTestWithSteps.test003(ProductCURDTestWithSteps.java:53)&#13;
</system-err></testcase><testcase classname="stores.localhost.model.swaggerinfo.ProductCURDTestWithSteps" name="This will Delate created id"/></testsuite>